<?xml version="1.0" encoding="UTF-8"?>
<!-- Generated by org.testng.reporters.JUnitReportReporter -->
<testsuite skipped="0" hostname="LAPTOP-PT93KTGA" name="org.test.sample.B" tests="6" failures="0" timestamp="18 Sep 2021 11:58:05 GMT" time="0.022" errors="0">
  <testcase name="tc3" time="0.001" classname="org.test.sample.B"/>
  <testcase name="tc42" time="0.001" classname="org.test.sample.B"/>
  <testcase name="tc22" time="0.002" classname="org.test.sample.B"/>
  <testcase name="tc1" time="0.014" classname="org.test.sample.B"/>
  <testcase name="tc33" time="0.002" classname="org.test.sample.B"/>
  <testcase name="tc2" time="0.002" classname="org.test.sample.B"/>
</testsuite> <!-- org.test.sample.B -->
